  FinalProject.cpp
E:\C++项目\2020 Fall\3D Graphics Programming\Final Project\FirstExample\Shape.h(67,21): warning C4018: '<': signed/unsigned mismatch
E:\C++项目\2020 Fall\3D Graphics Programming\Final Project\FirstExample\Shape.h(79,21): warning C4018: '<': signed/unsigned mismatch
E:\C++项目\2020 Fall\3D Graphics Programming\Final Project\FirstExample\Shape.h(151,30): warning C4244: 'argument': conversion from 'int' to '_Ty', possible loss of data
          with
          [
              _Ty=GLfloat
          ]
E:\C++项目\2020 Fall\3D Graphics Programming\Final Project\FirstExample\Shape.h(152,30): warning C4244: 'argument': conversion from 'int' to '_Ty', possible loss of data
          with
          [
              _Ty=GLfloat
          ]
E:\C++项目\2020 Fall\3D Graphics Programming\Final Project\FirstExample\Shape.h(195,21): warning C4018: '<': signed/unsigned mismatch
E:\C++项目\2020 Fall\3D Graphics Programming\Final Project\FirstExample\Shape.h(360,20): warning C4244: '+=': conversion from 'double' to 'float', possible loss of data
E:\C++项目\2020 Fall\3D Graphics Programming\Final Project\FirstExample\Shape.h(371,20): warning C4244: '+=': conversion from 'double' to 'float', possible loss of data
E:\C++项目\2020 Fall\3D Graphics Programming\Final Project\FirstExample\Shape.h(412,21): warning C4018: '<': signed/unsigned mismatch
E:\C++项目\2020 Fall\3D Graphics Programming\Final Project\FirstExample\Shape.h(469,20): warning C4244: '+=': conversion from 'double' to 'float', possible loss of data
E:\C++项目\2020 Fall\3D Graphics Programming\Final Project\FirstExample\Shape.h(494,21): warning C4018: '<': signed/unsigned mismatch
E:\C++项目\2020 Fall\3D Graphics Programming\Final Project\FirstExample\FinalProject.cpp(406,28): warning C4305: 'argument': truncation from 'double' to 'GLfloat'
E:\C++项目\2020 Fall\3D Graphics Programming\Final Project\FirstExample\FinalProject.cpp(411,30): warning C4305: 'argument': truncation from 'double' to 'GLfloat'
E:\C++项目\2020 Fall\3D Graphics Programming\Final Project\FirstExample\FinalProject.cpp(416,32): warning C4305: 'argument': truncation from 'double' to 'GLfloat'
E:\C++项目\2020 Fall\3D Graphics Programming\Final Project\FirstExample\FinalProject.cpp(421,39): warning C4305: 'argument': truncation from 'double' to 'GLfloat'
E:\C++项目\2020 Fall\3D Graphics Programming\Final Project\FirstExample\FinalProject.cpp(426,28): warning C4305: 'argument': truncation from 'double' to 'GLfloat'
E:\C++项目\2020 Fall\3D Graphics Programming\Final Project\FirstExample\FinalProject.cpp(431,33): warning C4305: 'argument': truncation from 'double' to 'GLfloat'
E:\C++项目\2020 Fall\3D Graphics Programming\Final Project\FirstExample\FinalProject.cpp(433,32): warning C4305: 'argument': truncation from 'double' to 'GLfloat'
E:\C++项目\2020 Fall\3D Graphics Programming\Final Project\FirstExample\FinalProject.cpp(438,37): warning C4305: 'argument': truncation from 'double' to 'GLfloat'
E:\C++项目\2020 Fall\3D Graphics Programming\Final Project\FirstExample\FinalProject.cpp(440,36): warning C4305: 'argument': truncation from 'double' to 'GLfloat'
E:\C++项目\2020 Fall\3D Graphics Programming\Final Project\FirstExample\FinalProject.cpp(445,32): warning C4305: 'argument': truncation from 'double' to 'GLfloat'
E:\C++项目\2020 Fall\3D Graphics Programming\Final Project\FirstExample\FinalProject.cpp(450,29): warning C4305: 'argument': truncation from 'double' to 'GLfloat'
E:\C++项目\2020 Fall\3D Graphics Programming\Final Project\FirstExample\FinalProject.cpp(455,32): warning C4305: 'argument': truncation from 'double' to 'GLfloat'
E:\C++项目\2020 Fall\3D Graphics Programming\Final Project\FirstExample\FinalProject.cpp(460,32): warning C4305: 'argument': truncation from 'double' to 'GLfloat'
E:\C++项目\2020 Fall\3D Graphics Programming\Final Project\FirstExample\FinalProject.cpp(465,30): warning C4305: 'argument': truncation from 'double' to 'GLfloat'
E:\C++项目\2020 Fall\3D Graphics Programming\Final Project\FirstExample\FinalProject.cpp(467,25): warning C4305: 'argument': truncation from 'double' to 'GLfloat'
E:\C++项目\2020 Fall\3D Graphics Programming\Final Project\FirstExample\FinalProject.cpp(469,24): warning C4305: 'argument': truncation from 'double' to 'GLfloat'
E:\C++项目\2020 Fall\3D Graphics Programming\Final Project\FirstExample\FinalProject.cpp(471,30): warning C4305: 'argument': truncation from 'double' to 'GLfloat'
E:\C++项目\2020 Fall\3D Graphics Programming\Final Project\FirstExample\FinalProject.cpp(473,30): warning C4305: 'argument': truncation from 'double' to 'GLfloat'
  LoadShaders.cpp
  Generating Code...
LINK : warning LNK4098: defaultlib 'LIBCMTD' conflicts with use of other libs; use /NODEFAULTLIB:library
glew_static_vs2010_d.lib(glew.obj) : warning LNK4099: PDB 'vc100.pdb' was not found with 'glew_static_vs2010_d.lib(glew.obj)' or at 'E:\C++项目\2020 Fall\3D Graphics Programming\Final Project\Debug\vc100.pdb'; linking object as if no debug info
freeglut_static_vs2010_d.lib(freeglut_callbacks.obj) : warning LNK4099: PDB 'vc100.pdb' was not found with 'freeglut_static_vs2010_d.lib(freeglut_callbacks.obj)' or at 'E:\C++项目\2020 Fall\3D Graphics Programming\Final Project\Debug\vc100.pdb'; linking object as if no debug info
freeglut_static_vs2010_d.lib(freeglut_cursor.obj) : warning LNK4099: PDB 'vc100.pdb' was not found with 'freeglut_static_vs2010_d.lib(freeglut_cursor.obj)' or at 'E:\C++项目\2020 Fall\3D Graphics Programming\Final Project\Debug\vc100.pdb'; linking object as if no debug info
freeglut_static_vs2010_d.lib(freeglut_display.obj) : warning LNK4099: PDB 'vc100.pdb' was not found with 'freeglut_static_vs2010_d.lib(freeglut_display.obj)' or at 'E:\C++项目\2020 Fall\3D Graphics Programming\Final Project\Debug\vc100.pdb'; linking object as if no debug info
freeglut_static_vs2010_d.lib(freeglut_font.obj) : warning LNK4099: PDB 'vc100.pdb' was not found with 'freeglut_static_vs2010_d.lib(freeglut_font.obj)' or at 'E:\C++项目\2020 Fall\3D Graphics Programming\Final Project\Debug\vc100.pdb'; linking object as if no debug info
freeglut_static_vs2010_d.lib(freeglut_font_data.obj) : warning LNK4099: PDB 'vc100.pdb' was not found with 'freeglut_static_vs2010_d.lib(freeglut_font_data.obj)' or at 'E:\C++项目\2020 Fall\3D Graphics Programming\Final Project\Debug\vc100.pdb'; linking object as if no debug info
freeglut_static_vs2010_d.lib(freeglut_init.obj) : warning LNK4099: PDB 'vc100.pdb' was not found with 'freeglut_static_vs2010_d.lib(freeglut_init.obj)' or at 'E:\C++项目\2020 Fall\3D Graphics Programming\Final Project\Debug\vc100.pdb'; linking object as if no debug info
freeglut_static_vs2010_d.lib(freeglut_input_devices.obj) : warning LNK4099: PDB 'vc100.pdb' was not found with 'freeglut_static_vs2010_d.lib(freeglut_input_devices.obj)' or at 'E:\C++项目\2020 Fall\3D Graphics Programming\Final Project\Debug\vc100.pdb'; linking object as if no debug info
freeglut_static_vs2010_d.lib(freeglut_joystick.obj) : warning LNK4099: PDB 'vc100.pdb' was not found with 'freeglut_static_vs2010_d.lib(freeglut_joystick.obj)' or at 'E:\C++项目\2020 Fall\3D Graphics Programming\Final Project\Debug\vc100.pdb'; linking object as if no debug info
freeglut_static_vs2010_d.lib(freeglut_main.obj) : warning LNK4099: PDB 'vc100.pdb' was not found with 'freeglut_static_vs2010_d.lib(freeglut_main.obj)' or at 'E:\C++项目\2020 Fall\3D Graphics Programming\Final Project\Debug\vc100.pdb'; linking object as if no debug info
freeglut_static_vs2010_d.lib(freeglut_menu.obj) : warning LNK4099: PDB 'vc100.pdb' was not found with 'freeglut_static_vs2010_d.lib(freeglut_menu.obj)' or at 'E:\C++项目\2020 Fall\3D Graphics Programming\Final Project\Debug\vc100.pdb'; linking object as if no debug info
freeglut_static_vs2010_d.lib(freeglut_spaceball.obj) : warning LNK4099: PDB 'vc100.pdb' was not found with 'freeglut_static_vs2010_d.lib(freeglut_spaceball.obj)' or at 'E:\C++项目\2020 Fall\3D Graphics Programming\Final Project\Debug\vc100.pdb'; linking object as if no debug info
freeglut_static_vs2010_d.lib(freeglut_state.obj) : warning LNK4099: PDB 'vc100.pdb' was not found with 'freeglut_static_vs2010_d.lib(freeglut_state.obj)' or at 'E:\C++项目\2020 Fall\3D Graphics Programming\Final Project\Debug\vc100.pdb'; linking object as if no debug info
freeglut_static_vs2010_d.lib(freeglut_stroke_mono_roman.obj) : warning LNK4099: PDB 'vc100.pdb' was not found with 'freeglut_static_vs2010_d.lib(freeglut_stroke_mono_roman.obj)' or at 'E:\C++项目\2020 Fall\3D Graphics Programming\Final Project\Debug\vc100.pdb'; linking object as if no debug info
freeglut_static_vs2010_d.lib(freeglut_stroke_roman.obj) : warning LNK4099: PDB 'vc100.pdb' was not found with 'freeglut_static_vs2010_d.lib(freeglut_stroke_roman.obj)' or at 'E:\C++项目\2020 Fall\3D Graphics Programming\Final Project\Debug\vc100.pdb'; linking object as if no debug info
freeglut_static_vs2010_d.lib(freeglut_structure.obj) : warning LNK4099: PDB 'vc100.pdb' was not found with 'freeglut_static_vs2010_d.lib(freeglut_structure.obj)' or at 'E:\C++项目\2020 Fall\3D Graphics Programming\Final Project\Debug\vc100.pdb'; linking object as if no debug info
freeglut_static_vs2010_d.lib(freeglut_window.obj) : warning LNK4099: PDB 'vc100.pdb' was not found with 'freeglut_static_vs2010_d.lib(freeglut_window.obj)' or at 'E:\C++项目\2020 Fall\3D Graphics Programming\Final Project\Debug\vc100.pdb'; linking object as if no debug info
  FirstExample.vcxproj -> E:\C++项目\2020 Fall\3D Graphics Programming\Final Project\Debug\FirstExample.exe
